00:00:00.012436 main     VirtualBox COM Server 7.0.8 r156879 win.amd64 (Apr 17 2023 16:42:53) release log
00:00:00.012439 main     Log opened 2025-03-09T19:34:13.982276900Z
00:00:00.012440 main     Build Type: release
00:00:00.012445 main     OS Product: Windows 10
00:00:00.012446 main     OS Release: 10.0.19045
00:00:00.012446 main     OS Service Pack: 
00:00:00.164071 main     DMI Product Name: Latitude 7480
00:00:00.181537 main     DMI Product Version: 
00:00:00.181548 main     Firmware type: BIOS
00:00:00.181557 main     Host RAM: 16007MB (15.6GB) total, 5739MB (5.6GB) available
00:00:00.181567 main     Executable: C:\Program Files\Oracle\VirtualBox\VBoxSVC.exe
00:00:00.181568 main     Process ID: 21204
00:00:00.181568 main     Package type: WINDOWS_64BITS_GENERIC
00:00:00.383246          VirtualBox: object creation starts
00:00:00.386798          Home directory: 'C:\Users\Ajumoko\.VirtualBox'
00:00:00.390232          Installed Drivers:
00:00:00.401126            C:\Windows\system32\DRIVERS\VBoxNetAdp6.sys (Version: 7.0.8.6879)
00:00:00.413956            C:\Windows\system32\DRIVERS\VBoxNetLwf.sys (Version: 7.0.8.6879)
00:00:00.420749            C:\Windows\system32\DRIVERS\VBoxUSBMon.sys (Version: 7.0.8.6879)
00:00:00.422457            C:\Windows\system32\DRIVERS\VBoxSup.sys (Version: 7.0.8.6879)
00:00:00.495524          Loading settings file "C:\Users\Ajumoko\.VirtualBox\VirtualBox.xml" with version "1.12-windows"
00:00:00.510290          usbLibGetDevices: Starting USB device enumeration
00:00:00.521626          Getting USB descriptor (id 0) failed (dwErr=31) on hub USB#ROOT_HUB30#4&3167e99&0&0#{f18a0e88-c30c-11d0-8815-00a0c906bed8} port 5
00:00:00.521724          Getting USB descriptor (id 0) failed (dwErr=31) on hub USB#ROOT_HUB30#4&3167e99&0&0#{f18a0e88-c30c-11d0-8815-00a0c906bed8} port 7
00:00:00.521811          Getting USB descriptor (id 0) failed (dwErr=31) on hub USB#ROOT_HUB30#4&3167e99&0&0#{f18a0e88-c30c-11d0-8815-00a0c906bed8} port 8
00:00:00.531439          usbLibGetDevices: Found 5 USB devices, 0 captured
00:00:00.540102          USB: Unknown USB device detected (idVendor: 0x04f3, idProduct: 0x22d7)
00:00:00.540222          USB: Unknown USB device detected (idVendor: 0x0c45, idProduct: 0x6715)
00:00:00.541735          USB: Unknown USB device detected (idVendor: 0x8087, idProduct: 0x0a2b)
00:00:00.809736          HostDnsMonitor: initializing
00:00:00.842588          HostDnsMonitor: updating information
00:00:00.848669          HostDnsMonitor: old information
00:00:00.848671            no server entries
00:00:00.848672            no domain set
00:00:00.848673            no search string entries
00:00:00.848673          HostDnsMonitor: new information
00:00:00.848674            server 1: 172.20.10.1
00:00:00.848675            no domain set
00:00:00.848675            no search string entries
00:00:00.871241          VD: VDInit finished with VINF_SUCCESS
00:00:01.730480          Loading settings file "C:\Users\Ajumoko\VirtualBox VMs\test-linux-vm\test-linux-vm.vbox" with version "1.19-windows"
00:00:01.859087          OCI: Local config file 'C:\Users\Ajumoko\.VirtualBox\oci_config' does not exist
00:00:01.859217          OCI: Original config file 'C:\Users\Ajumoko\.oci\config' does not exist
00:00:01.859219          OCI: Reading profiles finished with status ERROR_SUCCESS
00:00:01.860830          ExtPack: Created cloud provider 'OCI' (hrc=ERROR_SUCCESS)
00:00:01.861020          VirtualBox: object created
00:00:02.020394          Saving settings file "C:\Users\Ajumoko\.VirtualBox\VirtualBox.xml" with version "1.12-windows"
00:00:02.035588          Finished saving settings file "C:\Users\Ajumoko\.VirtualBox\VirtualBox.xml"
00:00:02.036095          Saving settings file "C:\Users\Ajumoko\.VirtualBox\VirtualBox.xml" with version "1.12-windows"
00:00:02.046778          Finished saving settings file "C:\Users\Ajumoko\.VirtualBox\VirtualBox.xml"
00:00:02.047320          Saving settings file "C:\Users\Ajumoko\.VirtualBox\VirtualBox.xml" with version "1.12-windows"
00:00:02.060271          Finished saving settings file "C:\Users\Ajumoko\.VirtualBox\VirtualBox.xml"
00:00:07.139679          ERROR [COM]: aRC=VBOX_E_INVALID_VM_STATE (0x80bb0002) aIID={300763af-5d6b-46e6-aa96-273eac15538a} aComponent={MachineWrap} aText={The machine is not mutable (state is PoweredOff)}, preserve=false aResultDetail=0
00:18:15.580960 main     WM_QUERYENDSESSION: logoff (0x80000000)
00:18:15.581006 main     VBoxSvc has active connections: bActivity = false, lock count = 2
00:18:17.285796 main     VirtualBox: object deletion starts
00:18:17.287750 main     ERROR [COM]: aRC=VBOX_E_OBJECT_IN_USE (0x80bb000c) aIID={ad47ad09-787b-44ab-b343-a082a3f2dfb1} aComponent={MediumWrap} aText={Medium 'C:\Users\Ajumoko\VirtualBox VMs\test-linux-vm\test-linux-vm.vdi' cannot be closed because it is still attached to 1 virtual machines}, preserve=false aResultDetail=0
00:18:17.303898 main     HostDnsMonitor: shutting down ...
00:18:17.304095 main     HostDnsMonitor: shut down
00:18:17.307094 Watcher  ERROR [COM]: aRC=E_ACCESSDENIED (0x80070005) aIID={7682d5eb-f00e-44f1-8ca2-99d08b1cd607} aComponent={VirtualBoxWrap} aText={The object is not ready}, preserve=false aResultDetail=0
00:18:17.313316 main     VirtualBox: object deleted
